A D/armour////
A D/connect////
A D/construct////
A D/dev////
A D/disease////
A D/door////
A D/exit////
A D/flesh////
A D/floor////
A D/food////
A D/gods////
A D/ground////
A D/indoor////
A D/inorganic////
A D/jewel////
A D/light////
A D/mapbuilding////
A D/misc////
A D/monster////
A D/optical////
A D/planes////
A D/player////
A D/potion////
A D/random////
A D/readable////
A D/river////
A D/shop////
A D/skills////
A D/spell////
A D/system////
A D/talisman////
A D/transport////
A D/traps////
A D/wall////
A D/weapon////
