A D/awall////
A D/bench////
A D/bulletwall////
A D/bwall////
A D/bwall-gray////
A D/cave////
A D/cwall////
A D/cwall-magenta////
A D/cwall-red////
A D/cwall-west////
A D/dirtroad////
A D/dun////
A D/dwall////
A D/ewall////
A D/firewall////
A D/flagstone////
A D/footpath////
A D/gwall////
A D/hedge////
A D/icecave////
A D/jcity////
A D/lbulletwall////
A D/lightningwall////
A D/longtable////
A D/mine////
A D/moat////
A D/nimwall////
A D/paved////
A D/pier////
A D/rough////
A D/slevel////
A D/speedbwall////
A D/stwall////
A D/swall////
A D/timberwall////
A D/wall////
A D/white////
A D/woodwall////
A D/wwall////
A D/yellow////
